{"/Users/tashakim/autoBA/API/app.js": {"path":"/Users/tashakim/autoBA/API/app.js","statementMap":{"0":{"start":{"line":1,"column":19},"end":{"line":1,"column":41}},"1":{"start":{"line":2,"column":16},"end":{"line":2,"column":34}},"2":{"start":{"line":3,"column":12},"end":{"line":3,"column":21}},"3":{"start":{"line":4,"column":19},"end":{"line":4,"column":43}},"4":{"start":{"line":5,"column":23},"end":{"line":5,"column":51}},"5":{"start":{"line":6,"column":13},"end":{"line":6,"column":30}},"6":{"start":{"line":7,"column":14},"end":{"line":7,"column":40}},"7":{"start":{"line":8,"column":0},"end":{"line":8,"column":27}},"8":{"start":{"line":9,"column":21},"end":{"line":9,"column":53}},"9":{"start":{"line":10,"column":28},"end":{"line":10,"column":47}},"10":{"start":{"line":11,"column":20},"end":{"line":11,"column":38}},"11":{"start":{"line":12,"column":21},"end":{"line":12,"column":51}},"12":{"start":{"line":13,"column":10},"end":{"line":13,"column":33}},"13":{"start":{"line":15,"column":13},"end":{"line":15,"column":28}},"14":{"start":{"line":16,"column":0},"end":{"line":16,"column":15}},"15":{"start":{"line":22,"column":23},"end":{"line":22,"column":31}},"16":{"start":{"line":23,"column":17},"end":{"line":23,"column":39}},"17":{"start":{"line":25,"column":0},"end":{"line":27,"column":1}},"18":{"start":{"line":26,"column":2},"end":{"line":26,"column":58}},"19":{"start":{"line":43,"column":0},"end":{"line":45,"column":2}},"20":{"start":{"line":44,"column":2},"end":{"line":44,"column":24}},"21":{"start":{"line":47,"column":0},"end":{"line":50,"column":3}},"22":{"start":{"line":49,"column":2},"end":{"line":49,"column":19}},"23":{"start":{"line":52,"column":0},"end":{"line":55,"column":3}},"24":{"start":{"line":53,"column":2},"end":{"line":53,"column":40}},"25":{"start":{"line":54,"column":2},"end":{"line":54,"column":22}},"26":{"start":{"line":59,"column":0},"end":{"line":59,"column":23}},"27":{"start":{"line":60,"column":0},"end":{"line":60,"column":43}},"28":{"start":{"line":61,"column":0},"end":{"line":61,"column":65}},"29":{"start":{"line":62,"column":0},"end":{"line":62,"column":24}},"30":{"start":{"line":67,"column":0},"end":{"line":75,"column":2}},"31":{"start":{"line":77,"column":17},"end":{"line":77,"column":50}},"32":{"start":{"line":79,"column":0},"end":{"line":79,"column":31}},"33":{"start":{"line":81,"column":0},"end":{"line":89,"column":3}},"34":{"start":{"line":83,"column":2},"end":{"line":83,"column":35}},"35":{"start":{"line":84,"column":2},"end":{"line":84,"column":69}},"36":{"start":{"line":87,"column":2},"end":{"line":87,"column":32}},"37":{"start":{"line":88,"column":2},"end":{"line":88,"column":22}},"38":{"start":{"line":94,"column":0},"end":{"line":100,"column":1}},"39":{"start":{"line":95,"column":2},"end":{"line":98,"column":5}},"40":{"start":{"line":96,"column":4},"end":{"line":96,"column":57}},"41":{"start":{"line":103,"column":20},"end":{"line":103,"column":45}},"42":{"start":{"line":106,"column":2},"end":{"line":113,"column":3}},"43":{"start":{"line":108,"column":4},"end":{"line":108,"column":18}},"44":{"start":{"line":109,"column":4},"end":{"line":109,"column":55}},"45":{"start":{"line":112,"column":4},"end":{"line":112,"column":42}},"46":{"start":{"line":118,"column":22},"end":{"line":118,"column":44}},"47":{"start":{"line":119,"column":2},"end":{"line":123,"column":3}},"48":{"start":{"line":120,"column":4},"end":{"line":122,"column":6}},"49":{"start":{"line":125,"column":2},"end":{"line":133,"column":3}},"50":{"start":{"line":126,"column":23},"end":{"line":126,"column":58}},"51":{"start":{"line":127,"column":4},"end":{"line":127,"column":22}},"52":{"start":{"line":130,"column":4},"end":{"line":132,"column":6}},"53":{"start":{"line":143,"column":0},"end":{"line":166,"column":3}},"54":{"start":{"line":144,"column":2},"end":{"line":146,"column":3}},"55":{"start":{"line":145,"column":4},"end":{"line":145,"column":80}},"56":{"start":{"line":147,"column":2},"end":{"line":149,"column":3}},"57":{"start":{"line":148,"column":4},"end":{"line":148,"column":75}},"58":{"start":{"line":151,"column":16},"end":{"line":151,"column":30}},"59":{"start":{"line":152,"column":17},"end":{"line":152,"column":35}},"60":{"start":{"line":153,"column":2},"end":{"line":158,"column":3}},"61":{"start":{"line":154,"column":20},"end":{"line":154,"column":65}},"62":{"start":{"line":155,"column":4},"end":{"line":155,"column":35}},"63":{"start":{"line":157,"column":4},"end":{"line":157,"column":59}},"64":{"start":{"line":160,"column":45},"end":{"line":160,"column":52}},"65":{"start":{"line":161,"column":21},"end":{"line":161,"column":62}},"66":{"start":{"line":162,"column":18},"end":{"line":162,"column":50}},"67":{"start":{"line":164,"column":2},"end":{"line":164,"column":29}},"68":{"start":{"line":165,"column":2},"end":{"line":165,"column":35}},"69":{"start":{"line":168,"column":0},"end":{"line":176,"column":2}},"70":{"start":{"line":169,"column":19},"end":{"line":169,"column":35}},"71":{"start":{"line":171,"column":2},"end":{"line":175,"column":3}},"72":{"start":{"line":172,"column":4},"end":{"line":172,"column":66}},"73":{"start":{"line":174,"column":4},"end":{"line":174,"column":23}},"74":{"start":{"line":178,"column":0},"end":{"line":181,"column":2}},"75":{"start":{"line":179,"column":2},"end":{"line":179,"column":25}},"76":{"start":{"line":180,"column":2},"end":{"line":180,"column":37}},"77":{"start":{"line":183,"column":0},"end":{"line":183,"column":25}},"78":{"start":{"line":185,"column":0},"end":{"line":185,"column":21}}},"fnMap":{"0":{"name":"(anonymous_0)","decl":{"start":{"line":43,"column":13},"end":{"line":43,"column":14}},"loc":{"start":{"line":43,"column":25},"end":{"line":45,"column":1}},"line":43},"1":{"name":"(anonymous_1)","decl":{"start":{"line":47,"column":20},"end":{"line":47,"column":21}},"loc":{"start":{"line":47,"column":34},"end":{"line":50,"column":1}},"line":47},"2":{"name":"(anonymous_2)","decl":{"start":{"line":52,"column":21},"end":{"line":52,"column":22}},"loc":{"start":{"line":52,"column":35},"end":{"line":55,"column":1}},"line":52},"3":{"name":"(anonymous_3)","decl":{"start":{"line":81,"column":8},"end":{"line":81,"column":9}},"loc":{"start":{"line":81,"column":38},"end":{"line":89,"column":1}},"line":81},"4":{"name":"(anonymous_4)","decl":{"start":{"line":95,"column":39},"end":{"line":95,"column":40}},"loc":{"start":{"line":95,"column":45},"end":{"line":98,"column":3}},"line":95},"5":{"name":"run","decl":{"start":{"line":105,"column":15},"end":{"line":105,"column":18}},"loc":{"start":{"line":105,"column":21},"end":{"line":115,"column":1}},"line":105},"6":{"name":"getCurrUser","decl":{"start":{"line":117,"column":9},"end":{"line":117,"column":20}},"loc":{"start":{"line":117,"column":26},"end":{"line":134,"column":1}},"line":117},"7":{"name":"(anonymous_7)","decl":{"start":{"line":143,"column":20},"end":{"line":143,"column":21}},"loc":{"start":{"line":143,"column":40},"end":{"line":166,"column":1}},"line":143},"8":{"name":"(anonymous_8)","decl":{"start":{"line":168,"column":18},"end":{"line":168,"column":19}},"loc":{"start":{"line":168,"column":32},"end":{"line":176,"column":1}},"line":168},"9":{"name":"(anonymous_9)","decl":{"start":{"line":178,"column":21},"end":{"line":178,"column":22}},"loc":{"start":{"line":178,"column":41},"end":{"line":181,"column":1}},"line":178}},"branchMap":{"0":{"loc":{"start":{"line":25,"column":0},"end":{"line":27,"column":1}},"type":"if","locations":[{"start":{"line":25,"column":0},"end":{"line":27,"column":1}},{"start":{"line":25,"column":0},"end":{"line":27,"column":1}}],"line":25},"1":{"loc":{"start":{"line":84,"column":21},"end":{"line":84,"column":68}},"type":"cond-expr","locations":[{"start":{"line":84,"column":60},"end":{"line":84,"column":63}},{"start":{"line":84,"column":66},"end":{"line":84,"column":68}}],"line":84},"2":{"loc":{"start":{"line":87,"column":13},"end":{"line":87,"column":30}},"type":"binary-expr","locations":[{"start":{"line":87,"column":13},"end":{"line":87,"column":23}},{"start":{"line":87,"column":27},"end":{"line":87,"column":30}}],"line":87},"3":{"loc":{"start":{"line":94,"column":0},"end":{"line":100,"column":1}},"type":"if","locations":[{"start":{"line":94,"column":0},"end":{"line":100,"column":1}},{"start":{"line":94,"column":0},"end":{"line":100,"column":1}}],"line":94},"4":{"loc":{"start":{"line":95,"column":13},"end":{"line":95,"column":37}},"type":"binary-expr","locations":[{"start":{"line":95,"column":13},"end":{"line":95,"column":29}},{"start":{"line":95,"column":33},"end":{"line":95,"column":37}}],"line":95},"5":{"loc":{"start":{"line":119,"column":2},"end":{"line":123,"column":3}},"type":"if","locations":[{"start":{"line":119,"column":2},"end":{"line":123,"column":3}},{"start":{"line":119,"column":2},"end":{"line":123,"column":3}}],"line":119},"6":{"loc":{"start":{"line":144,"column":2},"end":{"line":146,"column":3}},"type":"if","locations":[{"start":{"line":144,"column":2},"end":{"line":146,"column":3}},{"start":{"line":144,"column":2},"end":{"line":146,"column":3}}],"line":144},"7":{"loc":{"start":{"line":147,"column":2},"end":{"line":149,"column":3}},"type":"if","locations":[{"start":{"line":147,"column":2},"end":{"line":149,"column":3}},{"start":{"line":147,"column":2},"end":{"line":149,"column":3}}],"line":147},"8":{"loc":{"start":{"line":171,"column":2},"end":{"line":175,"column":3}},"type":"if","locations":[{"start":{"line":171,"column":2},"end":{"line":175,"column":3}},{"start":{"line":171,"column":2},"end":{"line":175,"column":3}}],"line":171}},"s":{"0":1,"1":1,"2":1,"3":1,"4":1,"5":1,"6":1,"7":1,"8":1,"9":1,"10":1,"11":1,"12":1,"13":1,"14":1,"15":1,"16":1,"17":1,"18":1,"19":1,"20":0,"21":1,"22":0,"23":1,"24":0,"25":0,"26":1,"27":1,"28":1,"29":1,"30":1,"31":1,"32":1,"33":1,"34":0,"35":0,"36":0,"37":0,"38":1,"39":0,"40":0,"41":1,"42":1,"43":1,"44":1,"45":1,"46":0,"47":0,"48":0,"49":0,"50":0,"51":0,"52":0,"53":1,"54":0,"55":0,"56":0,"57":0,"58":0,"59":0,"60":0,"61":0,"62":0,"63":0,"64":0,"65":0,"66":0,"67":0,"68":0,"69":1,"70":0,"71":0,"72":0,"73":0,"74":1,"75":0,"76":0,"77":1,"78":1},"f":{"0":0,"1":0,"2":0,"3":0,"4":0,"5":1,"6":0,"7":0,"8":0,"9":0},"b":{"0":[1,0],"1":[0,0],"2":[0,0],"3":[0,1],"4":[0,0],"5":[0,0],"6":[0,0],"7":[0,0],"8":[0,0]},"_coverageSchema":"1a1c01bbd47fc00a2c39e90264f33305004495a9","hash":"0650192f500946874fa27cf9d901697b53d1242c"}
,"/Users/tashakim/autoBA/API/schema.js": {"path":"/Users/tashakim/autoBA/API/schema.js","statementMap":{"0":{"start":{"line":1,"column":14},"end":{"line":1,"column":38}},"1":{"start":{"line":3,"column":17},"end":{"line":13,"column":1}},"2":{"start":{"line":15,"column":18},"end":{"line":19,"column":1}},"3":{"start":{"line":17,"column":21},"end":{"line":17,"column":26}},"4":{"start":{"line":22,"column":14},"end":{"line":27,"column":3}},"5":{"start":{"line":29,"column":0},"end":{"line":29,"column":39}}},"fnMap":{"0":{"name":"(anonymous_0)","decl":{"start":{"line":17,"column":15},"end":{"line":17,"column":16}},"loc":{"start":{"line":17,"column":21},"end":{"line":17,"column":26}},"line":17}},"branchMap":{},"s":{"0":1,"1":1,"2":1,"3":0,"4":1,"5":1},"f":{"0":0},"b":{},"_coverageSchema":"1a1c01bbd47fc00a2c39e90264f33305004495a9","hash":"9d44865acb156d67682f8e7304d832e29f188996"}
,"/Users/tashakim/autoBA/API/controllers/annotate.js": {"path":"/Users/tashakim/autoBA/API/controllers/annotate.js","statementMap":{"0":{"start":{"line":1,"column":16},"end":{"line":1,"column":34}},"1":{"start":{"line":2,"column":15},"end":{"line":2,"column":31}},"2":{"start":{"line":3,"column":13},"end":{"line":3,"column":28}},"3":{"start":{"line":5,"column":0},"end":{"line":5,"column":21}},"4":{"start":{"line":6,"column":15},"end":{"line":6,"column":34}},"5":{"start":{"line":7,"column":17},"end":{"line":7,"column":52}},"6":{"start":{"line":9,"column":0},"end":{"line":53,"column":3}},"7":{"start":{"line":14,"column":3},"end":{"line":14,"column":41}},"8":{"start":{"line":15,"column":15},"end":{"line":15,"column":24}},"9":{"start":{"line":16,"column":22},"end":{"line":16,"column":38}},"10":{"start":{"line":18,"column":23},"end":{"line":18,"column":51}},"11":{"start":{"line":21,"column":4},"end":{"line":50,"column":7}},"12":{"start":{"line":23,"column":18},"end":{"line":23,"column":40}},"13":{"start":{"line":26,"column":25},"end":{"line":26,"column":33}},"14":{"start":{"line":28,"column":8},"end":{"line":49,"column":9}},"15":{"start":{"line":29,"column":12},"end":{"line":48,"column":15}},"16":{"start":{"line":30,"column":16},"end":{"line":30,"column":54}},"17":{"start":{"line":31,"column":32},"end":{"line":31,"column":47}},"18":{"start":{"line":32,"column":30},"end":{"line":32,"column":45}},"19":{"start":{"line":34,"column":35},"end":{"line":40,"column":17}},"20":{"start":{"line":41,"column":16},"end":{"line":47,"column":18}},"21":{"start":{"line":42,"column":20},"end":{"line":46,"column":21}},"22":{"start":{"line":43,"column":24},"end":{"line":43,"column":43}},"23":{"start":{"line":45,"column":24},"end":{"line":45,"column":44}},"24":{"start":{"line":52,"column":4},"end":{"line":52,"column":33}},"25":{"start":{"line":55,"column":0},"end":{"line":65,"column":2}},"26":{"start":{"line":59,"column":22},"end":{"line":59,"column":50}},"27":{"start":{"line":60,"column":3},"end":{"line":64,"column":5}},"28":{"start":{"line":62,"column":7},"end":{"line":62,"column":35}},"29":{"start":{"line":62,"column":16},"end":{"line":62,"column":35}},"30":{"start":{"line":63,"column":7},"end":{"line":63,"column":35}},"31":{"start":{"line":67,"column":0},"end":{"line":67,"column":24}}},"fnMap":{"0":{"name":"(anonymous_0)","decl":{"start":{"line":9,"column":25},"end":{"line":9,"column":26}},"loc":{"start":{"line":9,"column":50},"end":{"line":53,"column":1}},"line":9},"1":{"name":"(anonymous_1)","decl":{"start":{"line":21,"column":24},"end":{"line":21,"column":25}},"loc":{"start":{"line":21,"column":38},"end":{"line":50,"column":5}},"line":21},"2":{"name":"(anonymous_2)","decl":{"start":{"line":29,"column":31},"end":{"line":29,"column":32}},"loc":{"start":{"line":29,"column":44},"end":{"line":48,"column":13}},"line":29},"3":{"name":"(anonymous_3)","decl":{"start":{"line":41,"column":52},"end":{"line":41,"column":53}},"loc":{"start":{"line":41,"column":74},"end":{"line":47,"column":17}},"line":41},"4":{"name":"(anonymous_4)","decl":{"start":{"line":55,"column":19},"end":{"line":55,"column":20}},"loc":{"start":{"line":55,"column":44},"end":{"line":65,"column":1}},"line":55},"5":{"name":"(anonymous_5)","decl":{"start":{"line":60,"column":60},"end":{"line":60,"column":61}},"loc":{"start":{"line":60,"column":74},"end":{"line":64,"column":4}},"line":60}},"branchMap":{"0":{"loc":{"start":{"line":28,"column":8},"end":{"line":49,"column":9}},"type":"if","locations":[{"start":{"line":28,"column":8},"end":{"line":49,"column":9}},{"start":{"line":28,"column":8},"end":{"line":49,"column":9}}],"line":28},"1":{"loc":{"start":{"line":42,"column":20},"end":{"line":46,"column":21}},"type":"if","locations":[{"start":{"line":42,"column":20},"end":{"line":46,"column":21}},{"start":{"line":42,"column":20},"end":{"line":46,"column":21}}],"line":42},"2":{"loc":{"start":{"line":62,"column":7},"end":{"line":62,"column":35}},"type":"if","locations":[{"start":{"line":62,"column":7},"end":{"line":62,"column":35}},{"start":{"line":62,"column":7},"end":{"line":62,"column":35}}],"line":62}},"s":{"0":1,"1":1,"2":1,"3":1,"4":1,"5":1,"6":1,"7":0,"8":0,"9":0,"10":0,"11":0,"12":0,"13":0,"14":0,"15":0,"16":0,"17":0,"18":0,"19":0,"20":0,"21":0,"22":0,"23":0,"24":0,"25":1,"26":0,"27":0,"28":0,"29":0,"30":0,"31":1},"f":{"0":0,"1":0,"2":0,"3":0,"4":0,"5":0},"b":{"0":[0,0],"1":[0,0],"2":[0,0]},"_coverageSchema":"1a1c01bbd47fc00a2c39e90264f33305004495a9","hash":"229d8297cf2e43a1db89e39302057e32721f678a"}
,"/Users/tashakim/autoBA/API/models/annotations.js": {"path":"/Users/tashakim/autoBA/API/models/annotations.js","statementMap":{"0":{"start":{"line":1,"column":17},"end":{"line":1,"column":36}},"1":{"start":{"line":3,"column":25},"end":{"line":11,"column":4}},"2":{"start":{"line":14,"column":0},"end":{"line":14,"column":78}}},"fnMap":{},"branchMap":{},"s":{"0":1,"1":1,"2":1},"f":{},"b":{},"_coverageSchema":"1a1c01bbd47fc00a2c39e90264f33305004495a9","hash":"da88fa576941ef7914336abb73231490c16196e2"}
,"/Users/tashakim/autoBA/API/models/db.js": {"path":"/Users/tashakim/autoBA/API/models/db.js","statementMap":{"0":{"start":{"line":2,"column":17},"end":{"line":2,"column":36}},"1":{"start":{"line":3,"column":11},"end":{"line":3,"column":74}},"2":{"start":{"line":5,"column":15},"end":{"line":5,"column":31}},"3":{"start":{"line":6,"column":16},"end":{"line":6,"column":31}},"4":{"start":{"line":7,"column":12},"end":{"line":7,"column":29}},"5":{"start":{"line":8,"column":19},"end":{"line":8,"column":33}},"6":{"start":{"line":9,"column":18},"end":{"line":9,"column":36}},"7":{"start":{"line":12,"column":0},"end":{"line":34,"column":2}},"8":{"start":{"line":14,"column":4},"end":{"line":14,"column":80}},"9":{"start":{"line":16,"column":4},"end":{"line":18,"column":7}},"10":{"start":{"line":17,"column":8},"end":{"line":17,"column":81}},"11":{"start":{"line":20,"column":1},"end":{"line":22,"column":7}},"12":{"start":{"line":21,"column":8},"end":{"line":21,"column":84}},"13":{"start":{"line":24,"column":1},"end":{"line":26,"column":7}},"14":{"start":{"line":25,"column":8},"end":{"line":25,"column":81}},"15":{"start":{"line":28,"column":1},"end":{"line":33,"column":7}},"16":{"start":{"line":29,"column":8},"end":{"line":32,"column":11}},"17":{"start":{"line":30,"column":12},"end":{"line":30,"column":115}},"18":{"start":{"line":31,"column":12},"end":{"line":31,"column":27}}},"fnMap":{"0":{"name":"(anonymous_0)","decl":{"start":{"line":12,"column":17},"end":{"line":12,"column":18}},"loc":{"start":{"line":12,"column":35},"end":{"line":34,"column":1}},"line":12},"1":{"name":"(anonymous_1)","decl":{"start":{"line":16,"column":40},"end":{"line":16,"column":41}},"loc":{"start":{"line":16,"column":50},"end":{"line":18,"column":5}},"line":16},"2":{"name":"(anonymous_2)","decl":{"start":{"line":20,"column":33},"end":{"line":20,"column":34}},"loc":{"start":{"line":20,"column":46},"end":{"line":22,"column":5}},"line":20},"3":{"name":"(anonymous_3)","decl":{"start":{"line":24,"column":40},"end":{"line":24,"column":41}},"loc":{"start":{"line":24,"column":50},"end":{"line":26,"column":5}},"line":24},"4":{"name":"(anonymous_4)","decl":{"start":{"line":28,"column":22},"end":{"line":28,"column":23}},"loc":{"start":{"line":28,"column":32},"end":{"line":33,"column":5}},"line":28},"5":{"name":"(anonymous_5)","decl":{"start":{"line":29,"column":34},"end":{"line":29,"column":35}},"loc":{"start":{"line":29,"column":44},"end":{"line":32,"column":9}},"line":29}},"branchMap":{},"s":{"0":1,"1":1,"2":1,"3":1,"4":1,"5":1,"6":1,"7":1,"8":1,"9":1,"10":0,"11":1,"12":0,"13":1,"14":0,"15":1,"16":0,"17":0,"18":0},"f":{"0":1,"1":0,"2":0,"3":0,"4":0,"5":0},"b":{},"_coverageSchema":"1a1c01bbd47fc00a2c39e90264f33305004495a9","hash":"78091865013a46ec64de3bf2d8857b7f519fed98"}
}
