TN:
SF:app.js
FN:43,(anonymous_0)
FN:47,(anonymous_1)
FN:52,(anonymous_2)
FN:81,(anonymous_3)
FN:95,(anonymous_4)
FN:105,run
FN:117,getCurrUser
FN:143,(anonymous_7)
FN:168,(anonymous_8)
FN:178,(anonymous_9)
FNF:10
FNH:1
FNDA:0,(anonymous_0)
FNDA:0,(anonymous_1)
FNDA:0,(anonymous_2)
FNDA:0,(anonymous_3)
FNDA:0,(anonymous_4)
FNDA:1,run
FNDA:0,getCurrUser
FNDA:0,(anonymous_7)
FNDA:0,(anonymous_8)
FNDA:0,(anonymous_9)
DA:1,1
DA:2,1
DA:3,1
DA:4,1
DA:5,1
DA:6,1
DA:7,1
DA:8,1
DA:9,1
DA:10,1
DA:11,1
DA:12,1
DA:13,1
DA:15,1
DA:16,1
DA:22,1
DA:23,1
DA:25,1
DA:26,1
DA:43,1
DA:44,0
DA:47,1
DA:49,0
DA:52,1
DA:53,0
DA:54,0
DA:59,1
DA:60,1
DA:61,1
DA:62,1
DA:67,1
DA:77,1
DA:79,1
DA:81,1
DA:83,0
DA:84,0
DA:87,0
DA:88,0
DA:94,1
DA:95,0
DA:96,0
DA:103,1
DA:106,1
DA:108,1
DA:109,1
DA:112,1
DA:118,0
DA:119,0
DA:120,0
DA:125,0
DA:126,0
DA:127,0
DA:130,0
DA:143,1
DA:144,0
DA:145,0
DA:147,0
DA:148,0
DA:151,0
DA:152,0
DA:153,0
DA:154,0
DA:155,0
DA:157,0
DA:160,0
DA:161,0
DA:162,0
DA:164,0
DA:165,0
DA:168,1
DA:169,0
DA:171,0
DA:172,0
DA:174,0
DA:178,1
DA:179,0
DA:180,0
DA:183,1
DA:185,1
LF:79
LH:41
BRDA:25,0,0,1
BRDA:25,0,1,0
BRDA:84,1,0,0
BRDA:84,1,1,0
BRDA:87,2,0,0
BRDA:87,2,1,0
BRDA:94,3,0,0
BRDA:94,3,1,1
BRDA:95,4,0,0
BRDA:95,4,1,0
BRDA:119,5,0,0
BRDA:119,5,1,0
BRDA:144,6,0,0
BRDA:144,6,1,0
BRDA:147,7,0,0
BRDA:147,7,1,0
BRDA:171,8,0,0
BRDA:171,8,1,0
BRF:18
BRH:2
end_of_record
TN:
SF:schema.js
FN:17,(anonymous_0)
FNF:1
FNH:0
FNDA:0,(anonymous_0)
DA:1,1
DA:3,1
DA:15,1
DA:17,0
DA:22,1
DA:29,1
LF:6
LH:5
BRF:0
BRH:0
end_of_record
TN:
SF:controllers/annotate.js
FN:9,(anonymous_0)
FN:21,(anonymous_1)
FN:29,(anonymous_2)
FN:41,(anonymous_3)
FN:55,(anonymous_4)
FN:60,(anonymous_5)
FNF:6
FNH:0
FNDA:0,(anonymous_0)
FNDA:0,(anonymous_1)
FNDA:0,(anonymous_2)
FNDA:0,(anonymous_3)
FNDA:0,(anonymous_4)
FNDA:0,(anonymous_5)
DA:1,1
DA:2,1
DA:3,1
DA:5,1
DA:6,1
DA:7,1
DA:9,1
DA:14,0
DA:15,0
DA:16,0
DA:18,0
DA:21,0
DA:23,0
DA:26,0
DA:28,0
DA:29,0
DA:30,0
DA:31,0
DA:32,0
DA:34,0
DA:41,0
DA:42,0
DA:43,0
DA:45,0
DA:52,0
DA:55,1
DA:59,0
DA:60,0
DA:62,0
DA:63,0
DA:67,1
LF:31
LH:9
BRDA:28,0,0,0
BRDA:28,0,1,0
BRDA:42,1,0,0
BRDA:42,1,1,0
BRDA:62,2,0,0
BRDA:62,2,1,0
BRF:6
BRH:0
end_of_record
TN:
SF:models/annotations.js
FNF:0
FNH:0
DA:1,1
DA:3,1
DA:14,1
LF:3
LH:3
BRF:0
BRH:0
end_of_record
TN:
SF:models/db.js
FN:12,(anonymous_0)
FN:16,(anonymous_1)
FN:20,(anonymous_2)
FN:24,(anonymous_3)
FN:28,(anonymous_4)
FN:29,(anonymous_5)
FNF:6
FNH:1
FNDA:1,(anonymous_0)
FNDA:0,(anonymous_1)
FNDA:0,(anonymous_2)
FNDA:0,(anonymous_3)
FNDA:0,(anonymous_4)
FNDA:0,(anonymous_5)
DA:2,1
DA:3,1
DA:5,1
DA:6,1
DA:7,1
DA:8,1
DA:9,1
DA:12,1
DA:14,1
DA:16,1
DA:17,0
DA:20,1
DA:21,0
DA:24,1
DA:25,0
DA:28,1
DA:29,0
DA:30,0
DA:31,0
LF:19
LH:13
BRF:0
BRH:0
end_of_record
